<?xml version="1.0" encoding="UTF-8"?>
<testng-results skipped="0" failed="0" ignored="0" total="12" passed="12">
  <reporter-output>
  </reporter-output>
  <suite name="Surefire suite" duration-ms="617" started-at="2019-10-27T13:03:19 CET" finished-at="2019-10-27T13:03:19 CET">
    <groups>
    </groups>
    <test name="Surefire test" duration-ms="617" started-at="2019-10-27T13:03:19 CET" finished-at="2019-10-27T13:03:19 CET">
      <class name="com.fayaaz.ali.repositories.UserRepositoriesTest">
        <test-method status="PASS" signature="shouldReturnAllUserThenThrowSQLException() throws java.sql.SQLException" name="shouldReturnAllUserThenThrowSQLException" duration-ms="189" started-at="2019-10-27T13:03:19 CET" finished-at="2019-10-27T13:03:19 CET">
          <reporter-output>
          </reporter-output>
        </test-method> <!-- shouldReturnAllUserThenThrowSQLException -->
        <test-method status="PASS" signature="shouldTestSpy() throws java.sql.SQLException" name="shouldTestSpy" duration-ms="186" started-at="2019-10-27T13:03:19 CET" finished-at="2019-10-27T13:03:19 CET">
          <reporter-output>
          </reporter-output>
        </test-method> <!-- shouldTestSpy -->
        <test-method status="PASS" signature="shouldTestSpySecondCall() throws java.sql.SQLException" name="shouldTestSpySecondCall" duration-ms="187" started-at="2019-10-27T13:03:19 CET" finished-at="2019-10-27T13:03:19 CET">
          <reporter-output>
          </reporter-output>
        </test-method> <!-- shouldTestSpySecondCall -->
        <test-method status="PASS" signature="shouldReturnAllUser()" name="shouldReturnAllUser" duration-ms="190" started-at="2019-10-27T13:03:19 CET" finished-at="2019-10-27T13:03:19 CET">
          <reporter-output>
          </reporter-output>
        </test-method> <!-- shouldReturnAllUser -->
        <test-method status="PASS" signature="shouldReturnUserRepoImpl()" name="shouldReturnUserRepoImpl" duration-ms="189" started-at="2019-10-27T13:03:19 CET" finished-at="2019-10-27T13:03:19 CET">
          <reporter-output>
          </reporter-output>
        </test-method> <!-- shouldReturnUserRepoImpl -->
      </class> <!-- com.fayaaz.ali.repositories.UserRepositoriesTest -->
      <class name="com.fayaaz.ali.services.UserServiceTest">
        <test-method status="PASS" signature="shouldReturnListOfAllUsers()" name="shouldReturnListOfAllUsers" duration-ms="11" started-at="2019-10-27T13:03:19 CET" finished-at="2019-10-27T13:03:19 CET">
          <reporter-output>
          </reporter-output>
        </test-method> <!-- shouldReturnListOfAllUsers -->
        <test-method status="PASS" signature="ShouldReturnUserServiceImplementation()" name="ShouldReturnUserServiceImplementation" duration-ms="7" started-at="2019-10-27T13:03:19 CET" finished-at="2019-10-27T13:03:19 CET">
          <reporter-output>
          </reporter-output>
        </test-method> <!-- ShouldReturnUserServiceImplementation -->
      </class> <!-- com.fayaaz.ali.services.UserServiceTest -->
      <class name="com.fayaaz.ali.managers.UserManagerTest">
        <test-method status="PASS" signature="showReturnListOfUser()" name="showReturnListOfUser" duration-ms="372" started-at="2019-10-27T13:03:19 CET" finished-at="2019-10-27T13:03:19 CET">
          <reporter-output>
          </reporter-output>
        </test-method> <!-- showReturnListOfUser -->
        <test-method status="PASS" signature="shouldReturnInstanceOfUserManager()" name="shouldReturnInstanceOfUserManager" duration-ms="0" started-at="2019-10-27T13:03:19 CET" finished-at="2019-10-27T13:03:19 CET">
          <reporter-output>
          </reporter-output>
        </test-method> <!-- shouldReturnInstanceOfUserManager -->
      </class> <!-- com.fayaaz.ali.managers.UserManagerTest -->
      <class name="com.fayaaz.ali.AppTest">
        <test-method status="PASS" signature="shouldAnswerWithTrue()" name="shouldAnswerWithTrue" duration-ms="3" started-at="2019-10-27T13:03:19 CET" finished-at="2019-10-27T13:03:19 CET">
          <reporter-output>
          </reporter-output>
        </test-method> <!-- shouldAnswerWithTrue -->
      </class> <!-- com.fayaaz.ali.AppTest -->
      <class name="com.fayaaz.ali.CalculatorTest">
        <test-method status="PASS" signature="shouldReturnInstanceOfACalculator()" name="shouldReturnInstanceOfACalculator" duration-ms="11" started-at="2019-10-27T13:03:19 CET" finished-at="2019-10-27T13:03:19 CET">
          <reporter-output>
          </reporter-output>
        </test-method> <!-- shouldReturnInstanceOfACalculator -->
        <test-method status="PASS" signature="shouldReturnTwoWhenOnePlusOneCalledOnAdd()" name="shouldReturnTwoWhenOnePlusOneCalledOnAdd" duration-ms="10" started-at="2019-10-27T13:03:19 CET" finished-at="2019-10-27T13:03:19 CET">
          <reporter-output>
          </reporter-output>
        </test-method> <!-- shouldReturnTwoWhenOnePlusOneCalledOnAdd -->
      </class> <!-- com.fayaaz.ali.CalculatorTest -->
    </test> <!-- Surefire test -->
  </suite> <!-- Surefire suite -->
</testng-results>
