<?xml version="1.0" encoding="UTF-8"?>
<!-- Generated by org.testng.reporters.JUnitXMLReporter -->
<testsuite hostname="FayaazuddinsMBP.lan" ignored="0" name="Surefire test" tests="3" failures="0" timestamp="2019-10-27T13:03:19 CET" time="0.277" errors="0">
  <testcase name="shouldReturnAnInstanceofUserManager" time="0.002" classname="com.fayaaz.ali.Integration.UserManagerITTest"/>
  <testcase name="shouldReturnListOfAllUsersWhenGetAllUsersCalled" time="0.013" classname="com.fayaaz.ali.Integration.UserManagerITTest"/>
  <testcase name="shouldReturnTrue" time="0.0" classname="com.fayaaz.ali.Integration.UserManagerITTest"/>
</testsuite> <!-- Surefire test -->
