<?xml version="1.0" encoding="UTF-8"?>
<testsuite xmlns:xsi="http://www.w3.org/2001/XMLSchema-instance" xsi:noNamespaceSchemaLocation="https://maven.apache.org/surefire/maven-surefire-plugin/xsd/surefire-test-report.xsd" name="TestSuite" time="1.175" tests="15" errors="0" skipped="0" failures="0">
  <properties>
[...]
</properties>
  <testcase name="shouldReturnAnInstanceofUserManager" classname="com.fayaaz.ali.Integration.UserManagerITTest" time="0.003"/>
  <testcase name="shouldReturnListOfAllUsersWhenGetAllUsersCalled" classname="com.fayaaz.ali.Integration.UserManagerITTest" time="0.012"/>
  <testcase name="shouldReturnTrue" classname="com.fayaaz.ali.Integration.UserManagerITTest" time="0"/>
  <testcase name="shouldAnswerWithTrue on shouldAnswerWithTrue(com.fayaaz.ali.AppTest)" classname="com.fayaaz.ali.AppTest" time="0"/>
  <testcase name="shouldReturnInstanceOfUserManager on shouldReturnInstanceOfUserManager(com.fayaaz.ali.managers.UserManagerTest)" classname="com.fayaaz.ali.managers.UserManagerTest" time="0"/>
  <testcase name="showReturnListOfUser on showReturnListOfUser(com.fayaaz.ali.managers.UserManagerTest)" classname="com.fayaaz.ali.managers.UserManagerTest" time="0.372"/>
  <testcase name="shouldTestSpy on shouldTestSpy(com.fayaaz.ali.repositories.UserRepositoriesTest)" classname="com.fayaaz.ali.repositories.UserRepositoriesTest" time="0.183"/>
  <testcase name="shouldTestSpySecondCall on shouldTestSpySecondCall(com.fayaaz.ali.repositories.UserRepositoriesTest)" classname="com.fayaaz.ali.repositories.UserRepositoriesTest" time="0.001"/>
  <testcase name="shouldReturnAllUserThenThrowSQLException on shouldReturnAllUserThenThrowSQLException(com.fayaaz.ali.repositories.UserRepositoriesTest)" classname="com.fayaaz.ali.repositories.UserRepositoriesTest" time="0.002"/>
  <testcase name="shouldReturnAllUser on shouldReturnAllUser(com.fayaaz.ali.repositories.UserRepositoriesTest)" classname="com.fayaaz.ali.repositories.UserRepositoriesTest" time="0.001"/>
  <testcase name="shouldReturnUserRepoImpl on shouldReturnUserRepoImpl(com.fayaaz.ali.repositories.UserRepositoriesTest)" classname="com.fayaaz.ali.repositories.UserRepositoriesTest" time="0"/>
  <testcase name="shouldReturnTwoWhenOnePlusOneCalledOnAdd on shouldReturnTwoWhenOnePlusOneCalledOnAdd(com.fayaaz.ali.CalculatorTest)" classname="com.fayaaz.ali.CalculatorTest" time="0.008"/>
  <testcase name="shouldReturnInstanceOfACalculator on shouldReturnInstanceOfACalculator(com.fayaaz.ali.CalculatorTest)" classname="com.fayaaz.ali.CalculatorTest" time="0"/>
  <testcase name="ShouldReturnUserServiceImplementation on ShouldReturnUserServiceImplementation(com.fayaaz.ali.services.UserServiceTest)" classname="com.fayaaz.ali.services.UserServiceTest" time="0.007"/>
  <testcase name="shouldReturnListOfAllUsers on shouldReturnListOfAllUsers(com.fayaaz.ali.services.UserServiceTest)" classname="com.fayaaz.ali.services.UserServiceTest" time="0.004"/>
</testsuite>