<?xml version="1.0" encoding="UTF-8"?>
<!-- Generated by org.testng.reporters.JUnitXMLReporter -->
<testsuite hostname="FayaazuddinsMBP.lan" ignored="0" name="Surefire test" tests="12" failures="0" timestamp="2019-10-27T13:03:19 CET" time="0.617" errors="0">
  <testcase name="shouldAnswerWithTrue on shouldAnswerWithTrue(com.fayaaz.ali.AppTest)" time="0.003" classname="com.fayaaz.ali.AppTest"/>
  <testcase name="shouldReturnInstanceOfUserManager on shouldReturnInstanceOfUserManager(com.fayaaz.ali.managers.UserManagerTest)" time="0.0" classname="com.fayaaz.ali.managers.UserManagerTest"/>
  <testcase name="showReturnListOfUser on showReturnListOfUser(com.fayaaz.ali.managers.UserManagerTest)" time="0.372" classname="com.fayaaz.ali.managers.UserManagerTest"/>
  <testcase name="shouldTestSpy on shouldTestSpy(com.fayaaz.ali.repositories.UserRepositoriesTest)" time="0.186" classname="com.fayaaz.ali.repositories.UserRepositoriesTest"/>
  <testcase name="shouldTestSpySecondCall on shouldTestSpySecondCall(com.fayaaz.ali.repositories.UserRepositoriesTest)" time="0.187" classname="com.fayaaz.ali.repositories.UserRepositoriesTest"/>
  <testcase name="shouldReturnAllUserThenThrowSQLException on shouldReturnAllUserThenThrowSQLException(com.fayaaz.ali.repositories.UserRepositoriesTest)" time="0.189" classname="com.fayaaz.ali.repositories.UserRepositoriesTest"/>
  <testcase name="shouldReturnAllUser on shouldReturnAllUser(com.fayaaz.ali.repositories.UserRepositoriesTest)" time="0.19" classname="com.fayaaz.ali.repositories.UserRepositoriesTest"/>
  <testcase name="shouldReturnUserRepoImpl on shouldReturnUserRepoImpl(com.fayaaz.ali.repositories.UserRepositoriesTest)" time="0.189" classname="com.fayaaz.ali.repositories.UserRepositoriesTest"/>
  <testcase name="shouldReturnTwoWhenOnePlusOneCalledOnAdd on shouldReturnTwoWhenOnePlusOneCalledOnAdd(com.fayaaz.ali.CalculatorTest)" time="0.01" classname="com.fayaaz.ali.CalculatorTest"/>
  <testcase name="shouldReturnInstanceOfACalculator on shouldReturnInstanceOfACalculator(com.fayaaz.ali.CalculatorTest)" time="0.011" classname="com.fayaaz.ali.CalculatorTest"/>
  <testcase name="ShouldReturnUserServiceImplementation on ShouldReturnUserServiceImplementation(com.fayaaz.ali.services.UserServiceTest)" time="0.007" classname="com.fayaaz.ali.services.UserServiceTest"/>
  <testcase name="shouldReturnListOfAllUsers on shouldReturnListOfAllUsers(com.fayaaz.ali.services.UserServiceTest)" time="0.011" classname="com.fayaaz.ali.services.UserServiceTest"/>
</testsuite> <!-- Surefire test -->
